Build started 06/08/2022 22:27:43.
     1>Project "C:\Users\jp-dev2\Desktop\lpng1637\projects\vstudio\zlib\zlib.vcxproj" on node 2 (Build target(s)).
     1>ClCompile:
         C:\Program Files (x86)\Microsoft Visual Studio 11.0\VC\bin\CL.exe /c /Zi /nologo /Wall /WX /Ox /Oi /Oy- /GL /D WIN32 /D NDEBUG /D _WINDOWS /D Z_SOLO /Gm- /EHsc /MT /GS- /Gy /fp:precise /Zc:wchar_t /Zc:forScope /Fo"Release Library\\" /Fd"Release Library\vc110.pdb" /FR"Release Library\\" /Gd /TC /wd4255 /wd4668 /wd4710 /wd4711 /wd4746 /wd4820 /wd4996 /wd4127 /wd4131 /wd4242 /wd4244 /analyze- /errorReport:prompt ..\zlib\adler32.c ..\zlib\compress.c ..\zlib\crc32.c ..\zlib\deflate.c ..\zlib\infback.c ..\zlib\inffast.c ..\zlib\inflate.c ..\zlib\inftrees.c ..\zlib\trees.c ..\zlib\uncompr.c ..\zlib\zutil.c
         adler32.c
         compress.c
         crc32.c
         deflate.c
         infback.c
         inffast.c
         inflate.c
         inftrees.c
         trees.c
         uncompr.c
         zutil.c
       Lib:
         C:\Program Files (x86)\Microsoft Visual Studio 11.0\VC\bin\Lib.exe /OUT:"C:\Users\jp-dev2\Desktop\lpng1637\projects\vstudio\Release Library\zlib.lib" /NOLOGO /LTCG "Release Library\adler32.obj"
         "Release Library\compress.obj"
         "Release Library\crc32.obj"
         "Release Library\deflate.obj"
         "Release Library\infback.obj"
         "Release Library\inffast.obj"
         "Release Library\inflate.obj"
         "Release Library\inftrees.obj"
         "Release Library\trees.obj"
         "Release Library\uncompr.obj"
         "Release Library\zutil.obj"
         zlib.vcxproj -> C:\Users\jp-dev2\Desktop\lpng1637\projects\vstudio\Release Library\zlib.lib
       BscMake:
         C:\Program Files (x86)\Microsoft Visual Studio 11.0\VC\bin\bscmake.exe /nologo /o"C:\Users\jp-dev2\Desktop\lpng1637\projects\vstudio\Release Library\zlib.bsc" "Release Library\adler32.sbr" "Release Library\compress.sbr" "Release Library\crc32.sbr" "Release Library\deflate.sbr" "Release Library\infback.sbr" "Release Library\inffast.sbr" "Release Library\inflate.sbr" "Release Library\inftrees.sbr" "Release Library\trees.sbr" "Release Library\uncompr.sbr" "Release Library\zutil.sbr"
     1>Done Building Project "C:\Users\jp-dev2\Desktop\lpng1637\projects\vstudio\zlib\zlib.vcxproj" (Build target(s)).

Build succeeded.

Time Elapsed 00:00:01.63
