C:\BITBUCKET_CLONE\TAMABOY-NDS\ARM9\SOURCE\TAMABOY-SRC\WINDOWS\TAMABOY\DEBUG\IMAGE.OBJ
C:\BITBUCKET_CLONE\TAMABOY-NDS\ARM9\SOURCE\TAMABOY-SRC\WINDOWS\TAMABOY\DEBUG\HW.OBJ
C:\BITBUCKET_CLONE\TAMABOY-NDS\ARM9\SOURCE\TAMABOY-SRC\WINDOWS\TAMABOY\DEBUG\TAMALIB.OBJ
C:\BITBUCKET_CLONE\TAMABOY-NDS\ARM9\SOURCE\TAMABOY-SRC\WINDOWS\TAMABOY\DEBUG\MEM_EDIT.OBJ
C:\BITBUCKET_CLONE\TAMABOY-NDS\ARM9\SOURCE\TAMABOY-SRC\WINDOWS\TAMABOY\DEBUG\PROGRAM.OBJ
C:\BITBUCKET_CLONE\TAMABOY-NDS\ARM9\SOURCE\TAMABOY-SRC\WINDOWS\TAMABOY\DEBUG\STATE.OBJ
C:\BITBUCKET_CLONE\TAMABOY-NDS\ARM9\SOURCE\TAMABOY-SRC\WINDOWS\TAMABOY\DEBUG\VC110.PDB
C:\BITBUCKET_CLONE\TAMABOY-NDS\ARM9\SOURCE\TAMABOY-SRC\WINDOWS\TAMABOY\DEBUG\CPU.OBJ
C:\BITBUCKET_CLONE\TAMABOY-NDS\ARM9\SOURCE\TAMABOY-SRC\WINDOWS\TAMABOY\DEBUG\TAMATOOL.OBJ
C:\BITBUCKET_CLONE\TAMABOY-NDS\ARM9\SOURCE\TAMABOY-SRC\WINDOWS\DEBUG\TAMABOY.ILK
C:\BITBUCKET_CLONE\TAMABOY-NDS\ARM9\SOURCE\TAMABOY-SRC\WINDOWS\DEBUG\TAMABOY.EXE
C:\BITBUCKET_CLONE\TAMABOY-NDS\ARM9\SOURCE\TAMABOY-SRC\WINDOWS\DEBUG\TAMABOY.PDB
C:\bitbucket_clone\tamaboy-nds\arm9\source\tamaboy-src\windows\tamaboy\Debug\cpu.obj
C:\bitbucket_clone\tamaboy-nds\arm9\source\tamaboy-src\windows\tamaboy\Debug\hw.obj
C:\bitbucket_clone\tamaboy-nds\arm9\source\tamaboy-src\windows\tamaboy\Debug\image.obj
C:\bitbucket_clone\tamaboy-nds\arm9\source\tamaboy-src\windows\tamaboy\Debug\mem_edit.obj
C:\bitbucket_clone\tamaboy-nds\arm9\source\tamaboy-src\windows\tamaboy\Debug\program.obj
C:\bitbucket_clone\tamaboy-nds\arm9\source\tamaboy-src\windows\tamaboy\Debug\state.obj
C:\bitbucket_clone\tamaboy-nds\arm9\source\tamaboy-src\windows\tamaboy\Debug\tamalib.obj
C:\bitbucket_clone\tamaboy-nds\arm9\source\tamaboy-src\windows\tamaboy\Debug\tamatool.obj
C:\bitbucket_clone\tamaboy-nds\arm9\source\tamaboy-src\windows\tamaboy\Debug\cl.command.1.tlog
C:\bitbucket_clone\tamaboy-nds\arm9\source\tamaboy-src\windows\tamaboy\Debug\CL.read.1.tlog
C:\bitbucket_clone\tamaboy-nds\arm9\source\tamaboy-src\windows\tamaboy\Debug\CL.write.1.tlog
C:\bitbucket_clone\tamaboy-nds\arm9\source\tamaboy-src\windows\tamaboy\Debug\link-cvtres.read.1.tlog
C:\bitbucket_clone\tamaboy-nds\arm9\source\tamaboy-src\windows\tamaboy\Debug\link-cvtres.write.1.tlog
C:\bitbucket_clone\tamaboy-nds\arm9\source\tamaboy-src\windows\tamaboy\Debug\link-rc.read.1.tlog
C:\bitbucket_clone\tamaboy-nds\arm9\source\tamaboy-src\windows\tamaboy\Debug\link-rc.write.1.tlog
C:\bitbucket_clone\tamaboy-nds\arm9\source\tamaboy-src\windows\tamaboy\Debug\link.command.1.tlog
C:\bitbucket_clone\tamaboy-nds\arm9\source\tamaboy-src\windows\tamaboy\Debug\link.read.1.tlog
C:\bitbucket_clone\tamaboy-nds\arm9\source\tamaboy-src\windows\tamaboy\Debug\link.write.1.tlog
C:\bitbucket_clone\tamaboy-nds\arm9\source\tamaboy-src\windows\tamaboy\Debug\vc110.idb
C:\bitbucket_clone\tamaboy-nds\arm9\source\tamaboy-src\windows\tamaboy\Debug\vc110.pdb
C:\bitbucket_clone\tamaboy-nds\arm9\source\tamaboy-src\windows\Debug\tamaboy.pdb
C:\bitbucket_clone\tamaboy-nds\arm9\source\tamaboy-src\windows\Debug\tamaboy.exe
C:\bitbucket_clone\tamaboy-nds\arm9\source\tamaboy-src\windows\Debug\tamaboy.ilk
