C:\BITBUCKET_CLONE\TAMABOY\WINDOWS\TAMABOY\DEBUG\IMAGE.OBJ
C:\BITBUCKET_CLONE\TAMABOY\WINDOWS\TAMABOY\DEBUG\HW.OBJ
C:\BITBUCKET_CLONE\TAMABOY\WINDOWS\TAMABOY\DEBUG\TAMALIB.OBJ
C:\BITBUCKET_CLONE\TAMABOY\WINDOWS\TAMABOY\DEBUG\MEM_EDIT.OBJ
C:\BITBUCKET_CLONE\TAMABOY\WINDOWS\TAMABOY\DEBUG\PROGRAM.OBJ
C:\BITBUCKET_CLONE\TAMABOY\WINDOWS\TAMABOY\DEBUG\STATE.OBJ
C:\BITBUCKET_CLONE\TAMABOY\WINDOWS\TAMABOY\DEBUG\GETOPT.OBJ
C:\BITBUCKET_CLONE\TAMABOY\WINDOWS\TAMABOY\DEBUG\VC110.PDB
C:\BITBUCKET_CLONE\TAMABOY\WINDOWS\TAMABOY\DEBUG\CPU.OBJ
C:\BITBUCKET_CLONE\TAMABOY\WINDOWS\TAMABOY\DEBUG\TAMATOOL.OBJ
C:\BITBUCKET_CLONE\TAMABOY\WINDOWS\TAMABOY\DEBUG\BMP.OBJ
C:\BITBUCKET_CLONE\TAMABOY\WINDOWS\TAMABOY\DEBUG\MAIN.OBJ
C:\BITBUCKET_CLONE\TAMABOY\WINDOWS\TAMABOY\DEBUG\WINDIR.OBJ
C:\bitbucket_clone\tamaboy\windows\tamaboy\Debug\bmp.obj
C:\bitbucket_clone\tamaboy\windows\tamaboy\Debug\cpu.obj
C:\bitbucket_clone\tamaboy\windows\tamaboy\Debug\getopt.obj
C:\bitbucket_clone\tamaboy\windows\tamaboy\Debug\hw.obj
C:\bitbucket_clone\tamaboy\windows\tamaboy\Debug\image.obj
C:\bitbucket_clone\tamaboy\windows\tamaboy\Debug\main.obj
C:\bitbucket_clone\tamaboy\windows\tamaboy\Debug\mem_edit.obj
C:\bitbucket_clone\tamaboy\windows\tamaboy\Debug\program.obj
C:\bitbucket_clone\tamaboy\windows\tamaboy\Debug\state.obj
C:\bitbucket_clone\tamaboy\windows\tamaboy\Debug\tamalib.obj
C:\bitbucket_clone\tamaboy\windows\tamaboy\Debug\tamatool.obj
C:\bitbucket_clone\tamaboy\windows\tamaboy\Debug\winDir.obj
C:\bitbucket_clone\tamaboy\windows\tamaboy\Debug\cl.command.1.tlog
C:\bitbucket_clone\tamaboy\windows\tamaboy\Debug\CL.read.1.tlog
C:\bitbucket_clone\tamaboy\windows\tamaboy\Debug\CL.write.1.tlog
C:\bitbucket_clone\tamaboy\windows\tamaboy\Debug\link-cvtres.read.1.tlog
C:\bitbucket_clone\tamaboy\windows\tamaboy\Debug\link-cvtres.write.1.tlog
C:\bitbucket_clone\tamaboy\windows\tamaboy\Debug\link-rc.read.1.tlog
C:\bitbucket_clone\tamaboy\windows\tamaboy\Debug\link-rc.write.1.tlog
C:\bitbucket_clone\tamaboy\windows\tamaboy\Debug\link.command.1.tlog
C:\bitbucket_clone\tamaboy\windows\tamaboy\Debug\link.read.1.tlog
C:\bitbucket_clone\tamaboy\windows\tamaboy\Debug\link.write.1.tlog
C:\bitbucket_clone\tamaboy\windows\tamaboy\Debug\vc110.idb
C:\bitbucket_clone\tamaboy\windows\tamaboy\Debug\vc110.pdb
C:\bitbucket_clone\tamaboy\windows\Debug\tamaboy.pdb
